Release 14.7 - xst P.20131013 (nt64)
Copyright (c) 1995-2013 Xilinx, Inc.  All rights reserved.
--> Parameter TMPDIR set to xst/projnav.tmp


Total REAL time to Xst completion: 1.00 secs
Total CPU time to Xst completion: 0.10 secs
 
--> Parameter xsthdpdir set to xst


Total REAL time to Xst completion: 1.00 secs
Total CPU time to Xst completion: 0.10 secs
 
--> Reading design: Avalon_Slave.prj

TABLE OF CONTENTS
  1) Synthesis Options Summary
  2) HDL Parsing
  3) HDL Elaboration
  4) HDL Synthesis
       4.1) HDL Synthesis Report
  5) Advanced HDL Synthesis
       5.1) Advanced HDL Synthesis Report
  6) Low Level Synthesis
  7) Partition Report
  8) Design Summary
       8.1) Primitive and Black Box Usage
       8.2) Device utilization summary
       8.3) Partition Resource Summary
       8.4) Timing Report
            8.4.1) Clock Information
            8.4.2) Asynchronous Control Signals Information
            8.4.3) Timing Summary
            8.4.4) Timing Details
            8.4.5) Cross Clock Domains Report


=========================================================================
*                      Synthesis Options Summary                        *
=========================================================================
---- Source Parameters
Input File Name                    : "Avalon_Slave.prj"
Ignore Synthesis Constraint File   : NO

---- Target Parameters
Output File Name                   : "Avalon_Slave"
Output Format                      : NGC
Target Device                      : xc6slx9-2-tqg144

---- Source Options
Top Module Name                    : Avalon_Slave
Automatic FSM Extraction           : YES
FSM Encoding Algorithm             : Auto
Safe Implementation                : No
FSM Style                          : LUT
RAM Extraction                     : Yes
RAM Style                          : Auto
ROM Extraction                     : Yes
Shift Register Extraction          : YES
ROM Style                          : Auto
Resource Sharing                   : YES
Asynchronous To Synchronous        : NO
Shift Register Minimum Size        : 2
Use DSP Block                      : Auto
Automatic Register Balancing       : No

---- Target Options
LUT Combining                      : Auto
Reduce Control Sets                : Auto
Add IO Buffers                     : YES
Global Maximum Fanout              : 100000
Add Generic Clock Buffer(BUFG)     : 16
Register Duplication               : YES
Optimize Instantiated Primitives   : NO
Use Clock Enable                   : Auto
Use Synchronous Set                : Auto
Use Synchronous Reset              : Auto
Pack IO Registers into IOBs        : Auto
Equivalent register Removal        : YES

---- General Options
Optimization Goal                  : Speed
Optimization Effort                : 1
Power Reduction                    : NO
Keep Hierarchy                     : No
Netlist Hierarchy                  : As_Optimized
RTL Output                         : Yes
Global Optimization                : AllClockNets
Read Cores                         : YES
Write Timing Constraints           : NO
Cross Clock Analysis               : NO
Hierarchy Separator                : /
Bus Delimiter                      : <>
Case Specifier                     : Maintain
Slice Utilization Ratio            : 100
BRAM Utilization Ratio             : 100
DSP48 Utilization Ratio            : 100
Auto BRAM Packing                  : NO
Slice Utilization Ratio Delta      : 5

=========================================================================


=========================================================================
*                          HDL Parsing                                  *
=========================================================================
Parsing VHDL file "C:\Users\User\Documents\ISE_Project\AMS\Avalon_Slave.vhd" into library work
Parsing entity <Avalon_Slave>.
Parsing architecture <Behavioral> of entity <avalon_slave>.
WARNING:HDLCompiler:957 - "C:\Users\User\Documents\ISE_Project\AMS\Avalon_Slave.vhd" Line 64: Case choice must be a locally static expression
WARNING:HDLCompiler:957 - "C:\Users\User\Documents\ISE_Project\AMS\Avalon_Slave.vhd" Line 66: Case choice must be a locally static expression
WARNING:HDLCompiler:957 - "C:\Users\User\Documents\ISE_Project\AMS\Avalon_Slave.vhd" Line 68: Case choice must be a locally static expression
WARNING:HDLCompiler:957 - "C:\Users\User\Documents\ISE_Project\AMS\Avalon_Slave.vhd" Line 79: Case choice must be a locally static expression
WARNING:HDLCompiler:957 - "C:\Users\User\Documents\ISE_Project\AMS\Avalon_Slave.vhd" Line 81: Case choice must be a locally static expression
WARNING:HDLCompiler:957 - "C:\Users\User\Documents\ISE_Project\AMS\Avalon_Slave.vhd" Line 83: Case choice must be a locally static expression

=========================================================================
*                            HDL Elaboration                            *
=========================================================================

Elaborating entity <Avalon_Slave> (architecture <Behavioral>) with generics from library <work>.

=========================================================================
*                           HDL Synthesis                               *
=========================================================================

Synthesizing Unit <Avalon_Slave>.
    Related source file is "C:\Users\User\Documents\ISE_Project\AMS\Avalon_Slave.vhd".
        AVS_AVALONSLAVE_DATA_WIDTH = 16
        AVS_AVALONSLAVE_ADDRESS_WIDTH = 2
    Found 16-bit register for signal <INPUT_ADDRESS_OFFSET>.
    Found 16-bit register for signal <OUTPUT_ADDRESS_OFFSET>.
    Found 16-bit register for signal <readData>.
    Found 16-bit register for signal <CONTROL_REGISTER>.
    Summary:
	inferred  64 D-type flip-flop(s).
	inferred  22 Multiplexer(s).
Unit <Avalon_Slave> synthesized.

=========================================================================
HDL Synthesis Report

Macro Statistics
# Registers                                            : 4
 16-bit register                                       : 4
# Multiplexers                                         : 22
 16-bit 2-to-1 multiplexer                             : 22

=========================================================================

=========================================================================
*                       Advanced HDL Synthesis                          *
=========================================================================


=========================================================================
Advanced HDL Synthesis Report

Macro Statistics
# Registers                                            : 64
 Flip-Flops                                            : 64
# Multiplexers                                         : 52
 1-bit 2-to-1 multiplexer                              : 32
 16-bit 2-to-1 multiplexer                             : 20

=========================================================================

=========================================================================
*                         Low Level Synthesis                           *
=========================================================================

Optimizing unit <Avalon_Slave> ...

Mapping all equations...
Building and optimizing final netlist ...
Found area constraint ratio of 100 (+ 5) on block Avalon_Slave, actual ratio is 1.
FlipFlop INPUT_ADDRESS_OFFSET_15 has been replicated 1 time(s) to handle iob=true attribute.
FlipFlop INPUT_ADDRESS_OFFSET_14 has been replicated 1 time(s) to handle iob=true attribute.
FlipFlop INPUT_ADDRESS_OFFSET_13 has been replicated 1 time(s) to handle iob=true attribute.
FlipFlop INPUT_ADDRESS_OFFSET_12 has been replicated 1 time(s) to handle iob=true attribute.
FlipFlop INPUT_ADDRESS_OFFSET_11 has been replicated 1 time(s) to handle iob=true attribute.
FlipFlop INPUT_ADDRESS_OFFSET_10 has been replicated 1 time(s) to handle iob=true attribute.
FlipFlop INPUT_ADDRESS_OFFSET_9 has been replicated 1 time(s) to handle iob=true attribute.
FlipFlop INPUT_ADDRESS_OFFSET_8 has been replicated 1 time(s) to handle iob=true attribute.
FlipFlop INPUT_ADDRESS_OFFSET_7 has been replicated 1 time(s) to handle iob=true attribute.
FlipFlop INPUT_ADDRESS_OFFSET_6 has been replicated 1 time(s) to handle iob=true attribute.
FlipFlop INPUT_ADDRESS_OFFSET_5 has been replicated 1 time(s) to handle iob=true attribute.
FlipFlop INPUT_ADDRESS_OFFSET_4 has been replicated 1 time(s) to handle iob=true attribute.
FlipFlop INPUT_ADDRESS_OFFSET_3 has been replicated 1 time(s) to handle iob=true attribute.
FlipFlop INPUT_ADDRESS_OFFSET_2 has been replicated 1 time(s) to handle iob=true attribute.
FlipFlop INPUT_ADDRESS_OFFSET_1 has been replicated 1 time(s) to handle iob=true attribute.
FlipFlop INPUT_ADDRESS_OFFSET_0 has been replicated 1 time(s) to handle iob=true attribute.
FlipFlop OUTPUT_ADDRESS_OFFSET_15 has been replicated 1 time(s) to handle iob=true attribute.
FlipFlop OUTPUT_ADDRESS_OFFSET_14 has been replicated 1 time(s) to handle iob=true attribute.
FlipFlop OUTPUT_ADDRESS_OFFSET_13 has been replicated 1 time(s) to handle iob=true attribute.
FlipFlop OUTPUT_ADDRESS_OFFSET_12 has been replicated 1 time(s) to handle iob=true attribute.
FlipFlop OUTPUT_ADDRESS_OFFSET_11 has been replicated 1 time(s) to handle iob=true attribute.
FlipFlop OUTPUT_ADDRESS_OFFSET_10 has been replicated 1 time(s) to handle iob=true attribute.
FlipFlop OUTPUT_ADDRESS_OFFSET_9 has been replicated 1 time(s) to handle iob=true attribute.
FlipFlop OUTPUT_ADDRESS_OFFSET_8 has been replicated 1 time(s) to handle iob=true attribute.
FlipFlop OUTPUT_ADDRESS_OFFSET_7 has been replicated 1 time(s) to handle iob=true attribute.
FlipFlop OUTPUT_ADDRESS_OFFSET_6 has been replicated 1 time(s) to handle iob=true attribute.
FlipFlop OUTPUT_ADDRESS_OFFSET_5 has been replicated 1 time(s) to handle iob=true attribute.
FlipFlop OUTPUT_ADDRESS_OFFSET_4 has been replicated 1 time(s) to handle iob=true attribute.
FlipFlop OUTPUT_ADDRESS_OFFSET_3 has been replicated 1 time(s) to handle iob=true attribute.
FlipFlop OUTPUT_ADDRESS_OFFSET_2 has been replicated 1 time(s) to handle iob=true attribute.
FlipFlop OUTPUT_ADDRESS_OFFSET_1 has been replicated 1 time(s) to handle iob=true attribute.
FlipFlop OUTPUT_ADDRESS_OFFSET_0 has been replicated 1 time(s) to handle iob=true attribute.

Final Macro Processing ...

=========================================================================
Final Register Report

Macro Statistics
# Registers                                            : 96
 Flip-Flops                                            : 96

=========================================================================

=========================================================================
*                           Partition Report                            *
=========================================================================

Partition Implementation Status
-------------------------------

  No Partitions were found in this design.

-------------------------------

=========================================================================
*                            Design Summary                             *
=========================================================================

Top Level Output File Name         : Avalon_Slave.ngc

Primitive and Black Box Usage:
------------------------------
# BELS                             : 68
#      LUT3                        : 17
#      LUT4                        : 17
#      LUT5                        : 18
#      LUT6                        : 16
# FlipFlops/Latches                : 96
#      FDE                         : 96
# Clock Buffers                    : 1
#      BUFGP                       : 1
# IO Buffers                       : 71
#      IBUF                        : 22
#      OBUF                        : 49

Device utilization summary:
---------------------------

Selected Device : 6slx9tqg144-2 


Slice Logic Utilization: 
 Number of Slice Registers:              64  out of  11440     0%  
 Number of Slice LUTs:                   68  out of   5720     1%  
    Number used as Logic:                68  out of   5720     1%  

Slice Logic Distribution: 
 Number of LUT Flip Flop pairs used:     68
   Number with an unused Flip Flop:       4  out of     68     5%  
   Number with an unused LUT:             0  out of     68     0%  
   Number of fully used LUT-FF pairs:    64  out of     68    94%  
   Number of unique control sets:         4

IO Utilization: 
 Number of IOs:                          72
 Number of bonded IOBs:                  72  out of    102    70%  
    IOB Flip Flops/Latches:              32

Specific Feature Utilization:
 Number of BUFG/BUFGCTRLs:                1  out of     16     6%  

---------------------------
Partition Resource Summary:
---------------------------

  No Partitions were found in this design.

---------------------------


=========================================================================
Timing Report

NOTE: THESE TIMING NUMBERS ARE ONLY A SYNTHESIS ESTIMATE.
      FOR ACCURATE TIMING INFORMATION PLEASE REFER TO THE TRACE REPORT
      GENERATED AFTER PLACE-and-ROUTE.

Clock Information:
------------------
-----------------------------------+------------------------+-------+
Clock Signal                       | Clock buffer(FF name)  | Load  |
-----------------------------------+------------------------+-------+
CSI_CLOCK_CLK                      | BUFGP                  | 96    |
-----------------------------------+------------------------+-------+

Asynchronous Control Signals Information:
----------------------------------------
No asynchronous control signals found in this design

Timing Summary:
---------------
Speed Grade: -2

   Minimum period: 1.744ns (Maximum Frequency: 573.395MHz)
   Minimum input arrival time before clock: 5.640ns
   Maximum output required time after clock: 4.202ns
   Maximum combinational path delay: No path found

Timing Details:
---------------
All values displayed in nanoseconds (ns)

=========================================================================
Timing constraint: Default period analysis for Clock 'CSI_CLOCK_CLK'
  Clock period: 1.744ns (frequency: 573.395MHz)
  Total number of paths / destination ports: 63 / 31
-------------------------------------------------------------------------
Delay:               1.744ns (Levels of Logic = 1)
  Source:            INPUT_ADDRESS_OFFSET_0 (FF)
  Destination:       readData_0 (FF)
  Source Clock:      CSI_CLOCK_CLK rising
  Destination Clock: CSI_CLOCK_CLK rising

  Data Path: INPUT_ADDRESS_OFFSET_0 to readData_0
                                Gate     Net
    Cell:in->out      fanout   Delay   Delay  Logical Name (Net Name)
    ----------------------------------------  ------------
     FDE:C->Q              1   0.525   0.910  INPUT_ADDRESS_OFFSET_0 (INPUT_ADDRESS_OFFSET_0)
     LUT5:I2->O            1   0.235   0.000  mux161 (AVS_AVALONSLAVE_ADDRESS[1]_readData[15]_wide_mux_12_OUT<0>)
     FDE:D                     0.074          readData_0
    ----------------------------------------
    Total                      1.744ns (0.834ns logic, 0.910ns route)
                                       (47.8% logic, 52.2% route)

=========================================================================
Timing constraint: Default OFFSET IN BEFORE for Clock 'CSI_CLOCK_CLK'
  Total number of paths / destination ports: 769 / 192
-------------------------------------------------------------------------
Offset:              5.640ns (Levels of Logic = 2)
  Source:            AVS_AVALONSLAVE_ADDRESS<1> (PAD)
  Destination:       INPUT_ADDRESS_OFFSET_0 (FF)
  Destination Clock: CSI_CLOCK_CLK rising

  Data Path: AVS_AVALONSLAVE_ADDRESS<1> to INPUT_ADDRESS_OFFSET_0
                                Gate     Net
    Cell:in->out      fanout   Delay   Delay  Logical Name (Net Name)
    ----------------------------------------  ------------
     IBUF:I->O            68   1.328   2.237  AVS_AVALONSLAVE_ADDRESS_1_IBUF (AVS_AVALONSLAVE_ADDRESS_1_IBUF)
     LUT5:I1->O           32   0.254   1.519  _n0104_inv1 (_n0104_inv)
     FDE:CE                    0.302          INPUT_ADDRESS_OFFSET_0
    ----------------------------------------
    Total                      5.640ns (1.884ns logic, 3.756ns route)
                                       (33.4% logic, 66.6% route)

=========================================================================
Timing constraint: Default OFFSET OUT AFTER for Clock 'CSI_CLOCK_CLK'
  Total number of paths / destination ports: 49 / 49
-------------------------------------------------------------------------
Offset:              4.202ns (Levels of Logic = 1)
  Source:            CONTROL_REGISTER_0 (FF)
  Destination:       GO (PAD)
  Source Clock:      CSI_CLOCK_CLK rising

  Data Path: CONTROL_REGISTER_0 to GO
                                Gate     Net
    Cell:in->out      fanout   Delay   Delay  Logical Name (Net Name)
    ----------------------------------------  ------------
     FDE:C->Q              3   0.525   0.765  CONTROL_REGISTER_0 (CONTROL_REGISTER_0)
     OBUF:I->O                 2.912          GO_OBUF (GO)
    ----------------------------------------
    Total                      4.202ns (3.437ns logic, 0.765ns route)
                                       (81.8% logic, 18.2% route)

=========================================================================

Cross Clock Domains Report:
--------------------------

Clock to Setup on destination clock CSI_CLOCK_CLK
---------------+---------+---------+---------+---------+
               | Src:Rise| Src:Fall| Src:Rise| Src:Fall|
Source Clock   |Dest:Rise|Dest:Rise|Dest:Fall|Dest:Fall|
---------------+---------+---------+---------+---------+
CSI_CLOCK_CLK  |    1.744|         |         |         |
---------------+---------+---------+---------+---------+

=========================================================================


Total REAL time to Xst completion: 5.00 secs
Total CPU time to Xst completion: 4.41 secs
 
--> 

Total memory usage is 4486348 kilobytes

Number of errors   :    0 (   0 filtered)
Number of warnings :    6 (   0 filtered)
Number of infos    :    0 (   0 filtered)

