ISim log file
Running: C:\Users\User\Documents\ISE_Project\AMS\Avalon_Master_Slave_tb_isim_beh.exe -intstyle ise -gui -tclbatch isim.cmd -wdb C:/Users/User/Documents/ISE_Project/AMS/Avalon_Master_Slave_tb_isim_beh.wdb 
ISim P.20131013 (signature 0x7708f090)
This is a Full version of ISim.
Time resolution is 1 ps
# onerror resume
# wave add /
# run 1000 ns
Simulator is doing circuit initialization process.
Finished circuit initialization process.
ISim P.20131013 (signature 0x7708f090)
This is a Full version of ISim.
# run 1000 ns
Simulator is doing circuit initialization process.
Finished circuit initialization process.
# restart
# run all
Simulator is doing circuit initialization process.
Finished circuit initialization process.
Stopped at time : 4274085 ns : File "C:/Users/User/Documents/ISE_Project/AMS/Controller.vhd" Line 189
# restart
# run all
Simulator is doing circuit initialization process.
Finished circuit initialization process.
Stopped at time : 22307475 ns : File "C:/Users/User/Documents/ISE_Project/AMS/Controller.vhd" Line 210
ISim P.20131013 (signature 0x7708f090)
This is a Full version of ISim.
# run 1000 ns
Simulator is doing circuit initialization process.
Finished circuit initialization process.
# restart
# run 1.00us
Simulator is doing circuit initialization process.
Finished circuit initialization process.
ISim P.20131013 (signature 0x7708f090)
This is a Full version of ISim.
# run 1000 ns
Simulator is doing circuit initialization process.
Finished circuit initialization process.
# restart
# run all
Simulator is doing circuit initialization process.
Finished circuit initialization process.
Stopped at time : 44726515 ns : File "C:/Users/User/Documents/ISE_Project/AMS/Avalon_Master.vhd" Line 48
ISim P.20131013 (signature 0x7708f090)
This is a Full version of ISim.
# run 1000 ns
Simulator is doing circuit initialization process.
Finished circuit initialization process.
# run 1.00us
# run 1.00us
# run 1.00us
# restart
# run all
Simulator is doing circuit initialization process.
Finished circuit initialization process.
Stopped at time : 19184690 ns : File "C:/Users/User/Documents/ISE_Project/AMS/Avalon_Master_Slave_tb.vhd" Line 139
